\BOOKMARK [0][-]{chapter.1}{\376\377\000i\000n\000t\000r\000o}{}% 1
\BOOKMARK [1][-]{section.1.1}{\376\377\000h\000o\000m\000e\000l\000a\000b}{chapter.1}% 2
\BOOKMARK [1][-]{section.1.2}{\376\377\000s\000o\000f\000t\000w\000a\000r\000e}{chapter.1}% 3
\BOOKMARK [0][-]{chapter.2}{\376\377\000U\000p\000g\000r\000a\000d\000i\000n\000g\000\040\000h\000o\000m\000e\000l\000a\000b\000\040\000H\000P\000\040\000D\000L\000\040\0003\0008\0000\000p}{}% 4
\BOOKMARK [1][-]{section.2.1}{\376\377\000l\000a\000t\000e\000s\000t\000\040\000B\000I\000O\000S}{chapter.2}% 5
\BOOKMARK [1][-]{section.2.2}{\376\377\000M\0002\000\040\000d\000i\000s\000k\000\040\000d\000r\000i\000v\000e}{chapter.2}% 6
\BOOKMARK [1][-]{section.2.3}{\376\377\000S\000a\000t\000a}{chapter.2}% 7
\BOOKMARK [1][-]{section.2.4}{\376\377\000B\000o\000o\000t\000c\000o\000n\000f\000i\000g}{chapter.2}% 8
\BOOKMARK [0][-]{chapter.3}{\376\377\000A\000V\000X}{}% 9
\BOOKMARK [0][-]{chapter.4}{\376\377\000n\000v\000m\000e}{}% 10
\BOOKMARK [0][-]{chapter.5}{\376\377\000W\000h\000e\000r\000e\000\040\000c\000a\000n\000\040\000I\000\040\000f\000i\000n\000d\000\040\000m\000o\000r\000e\000\040\000T\000e\000m\000p\000l\000a\000t\000e\000s\000?}{}% 11
\BOOKMARK [0][-]{chapter.6}{\376\377\000r\000e\000a\000d\000i\000n\000g\000\040\000d\000a\000t\000a\000\040\000f\000r\000o\000m\000\040\000U\000S\000B\000\040\000s\000t\000i\000c\000k}{}% 12
\BOOKMARK [1][-]{section.6.1}{\376\377\000c\000r\000e\000a\000t\000e\000\040\000a\000\040\000m\000p\000\040\000o\000n\000\040\000C\000T\000\040\000\050\000c\000o\000n\000t\000a\000i\000n\000e\000r\0000\0002\000\051}{chapter.6}% 13
\BOOKMARK [1][-]{section.6.2}{\376\377\000t\000r\000a\000n\000s\000f\000e\000r\000\040\000t\000o\000\040\000C\000T\000\040\000\050\000n\000a\000m\000e\000\040\000=\000\040\000c\000o\000n\000t\000a\000i\000n\000e\000r\0000\0002\000\051}{chapter.6}% 14
\BOOKMARK [0][-]{chapter.7}{\376\377\000r\000a\000m\000d\000i\000s\000k}{}% 15
\BOOKMARK [1][-]{section.7.1}{\376\377\000C\000a\000n\000\040\000I\000\040\000u\000s\000e\000\040\000R\000A\000M\000\040\000a\000s\000\040\000a\000\040\000d\000i\000s\000k\000?}{chapter.7}% 16
\BOOKMARK [1][-]{section.7.2}{\376\377\000s\000p\000e\000e\000d\000t\000e\000s\000t}{chapter.7}% 17
\BOOKMARK [0][-]{chapter.8}{\376\377\000s\000h\000a\000r\000i\000n\000g\000\040\000a\000\040\000d\000i\000r\000e\000c\000t\000o\000r\000y\000\040\000f\000o\000r\000\040\000L\000X\000C}{}% 18
\BOOKMARK [1][-]{section.8.1}{\376\377\000m\000o\000d\000i\000f\000y\000\040\000t\000h\000e\000\040\000l\000x\000c}{chapter.8}% 19
\BOOKMARK [1][-]{section.8.2}{\376\377\000o\000n\000\040\000P\000V\000E\000\040\000m\000o\000d\000i\000f\000y\000\040\000t\000h\000e\000\040\000l\000x\000c\000\040\000c\000o\000n\000f\000i\000g}{chapter.8}% 20
\BOOKMARK [0][-]{chapter.9}{\376\377\000m\000o\000v\000i\000n\000g\000\040\000a\000\040\000L\000X\000C\000\040\000c\000o\000n\000t\000a\000i\000n\000e\000r}{}% 21
\BOOKMARK [0][-]{chapter.10}{\376\377\000n\000f\000s\000\040\000n\000e\000t\000w\000o\000r\000k\000\040\000b\000e\000t\000w\000e\000e\000n\000\040\000l\000i\000n\000u\000x\000\040\000c\000o\000n\000t\000a\000i\000n\000e\000r\000s}{}% 22
\BOOKMARK [1][-]{section.10.1}{\376\377\000s\000e\000t\000\040\000u\000p\000\040\000a\000\040\000b\000r\000i\000d\000g\000e}{chapter.10}% 23
\BOOKMARK [1][-]{section.10.2}{\376\377\000d\000e\000f\000i\000n\000e\000\040\000a\000n\000\040\000e\000x\000t\000r\000a\000\040\000n\000e\000t\000w\000o\000r\000k\000\040\000i\000n\000t\000e\000r\000f\000a\000c\000e\000\040\000i\000n\000\040\000r\000a\000n\000g\000e\000\040\0001\0000\000.\0000\000.\0000\000.\000X}{chapter.10}% 24
\BOOKMARK [0][-]{chapter.11}{\376\377\000N\000F\000S\000\040\000H\000o\000s\000t\000\040\000a\000n\000d\000\040\000C\000l\000i\000e\000n\000t\000\040\000S\000e\000t\000u\000p\000\040\000i\000n\000\040\000P\000r\000o\000x\000m\000o\000x}{}% 25
\BOOKMARK [0][-]{chapter.12}{\376\377\000n\000f\000s\000\040\000c\000l\000i\000e\000n\000t}{}% 26
\BOOKMARK [1][-]{section.12.1}{\376\377\000u\000n\000d\000e\000r\000\040\000n\000o\000d\000e\000\040\000p\000v\000e}{chapter.12}% 27
\BOOKMARK [0][-]{chapter.13}{\376\377\000P\000o\000r\000t\000a\000i\000n\000e\000r}{}% 28
\BOOKMARK [1][-]{section.13.1}{\376\377\000u\000s\000i\000n\000g\000\040\000a\000\040\000s\000c\000r\000i\000p\000t}{chapter.13}% 29
\BOOKMARK [1][-]{section.13.2}{\376\377\000b\000y\000\040\000h\000a\000n\000d}{chapter.13}% 30
\BOOKMARK [1][-]{section.13.3}{\376\377\000e\000x\000p\000o\000r\000t\000i\000n\000g\000\040\000\046\000\040\000i\000m\000p\000o\000r\000t\000i\000n\000g}{chapter.13}% 31
\BOOKMARK [0][-]{chapter.14}{\376\377\000s\000e\000r\000v\000e\000r\000\040\000f\000o\000r\000\040\000b\000l\000e\000n\000d\000e\000r}{}% 32
\BOOKMARK [1][-]{section.14.1}{\376\377\000h\000o\000w\000t\000o\000\040\000r\000e\000n\000d\000e\000r\000?}{chapter.14}% 33
\BOOKMARK [1][-]{section.14.2}{\376\377\000f\000a\000s\000t\000e\000r\000\040\000/\000\040\000l\000e\000s\000s\000\040\000g\000o\000o\000d}{chapter.14}% 34
\BOOKMARK [1][-]{section.14.3}{\376\377\000a\000t\000\040\000t\000h\000e\000\040\000m\000o\000v\000i\000e\000s}{chapter.14}% 35
\BOOKMARK [0][-]{chapter.15}{\376\377\000o\000l\000l\000a\000m\000a\000\040\000i\000n\000s\000t\000a\000l\000l\000\040\000a\000n\000d\000\040\000u\000s\000e}{}% 36
\BOOKMARK [1][-]{section.15.1}{\376\377\000u\000s\000i\000n\000g\000\040\000a\000\040\000c\000o\000n\000t\000a\000i\000n\000e\000r}{chapter.15}% 37
\BOOKMARK [0][-]{chapter.16}{\376\377\000d\000o\000c\000k\000e\000r}{}% 38
\BOOKMARK [0][-]{chapter.17}{\376\377\000r\000u\000n\000n\000i\000n\000g\000\040\000o\000p\000e\000n\000w\000e\000b\000u\000i}{}% 39
\BOOKMARK [0][-]{chapter.18}{\376\377\000c\000o\000p\000y\000\040\000d\000a\000t\000a\000\040\000t\000o\000\040\000c\000o\000n\000t\000a\000i\000n\000e\000r}{}% 40
\BOOKMARK [0][-]{chapter.19}{\376\377\000c\000o\000n\000f\000i\000g\000u\000r\000e\000\040\000e\000l\000a\000s\000t\000i\000c\000v\000i\000e\000w}{}% 41
\BOOKMARK [1][-]{section.19.1}{\376\377\000e\000l\000a\000s\000t\000i\000c\000s\000e\000a\000r\000c\000h\000\040\000p\000a\000s\000s\000w\000o\000r\000d}{chapter.19}% 42
\BOOKMARK [1][-]{section.19.2}{\376\377\000t\000e\000s\000t\000i\000n\000g\000\040\000e\000l\000a\000s\000t\000i\000c\000v\000i\000e\000w\000\040\000c\000o\000n\000n\000e\000c\000t\000i\000o\000n}{chapter.19}% 43
\BOOKMARK [1][-]{section.19.3}{\376\377\000g\000e\000t\000t\000i\000n\000g\000\040\000w\000e\000b\000s\000i\000t\000e\000\040\000c\000e\000r\000t\000i\000f\000i\000c\000a\000t\000e}{chapter.19}% 44
\BOOKMARK [0][-]{chapter.20}{\376\377\000m\000o\000u\000n\000t\000i\000n\000g}{}% 45
\BOOKMARK [0][-]{chapter.21}{\376\377\000e\000d\000i\000t\000\040\000/\000e\000t\000c\000/\000f\000s\000t\000a\000b}{}% 46
\BOOKMARK [0][-]{chapter.22}{\376\377\000B\000a\000c\000k\000u\000p\000\040\000p\000v\000e}{}% 47
\BOOKMARK [0][-]{chapter.23}{\376\377\000R\000A\000I\000D}{}% 48
\BOOKMARK [1][-]{section.23.1}{\376\377\000N\000o\000\040\000m\000o\000r\000e\000\040\000r\000a\000i\000d\000\040\000:}{chapter.23}% 49
\BOOKMARK [0][-]{chapter.24}{\376\377\000m\000e\000l\000b\000o\000r\000p\000\040\000s\000e\000r\000v\000e\000r}{}% 50
\BOOKMARK [1][-]{section.24.1}{\376\377\000s\000o\000l\000u\000t\000i\000o\000n\000\040\000f\000o\000r\000\040\000p\000r\000o\000b\000l\000e\000m\000\040\000r\000u\000n\000n\000i\000n\000g\000\040\000p\000g\000a\000d\000m\000i\000n\000\040\000c\000o\000n\000t\000a\000i\000n\000e\000r\000\040\000a\000n\000d\000\040\000n\000g\000i\000n\000x}{chapter.24}% 51
\BOOKMARK [0][-]{chapter.25}{\376\377\000S\000e\000t\000t\000i\000n\000g\000\040\000u\000p\000\040\000N\000V\000I\000D\000I\000A\000\040\000T\000e\000s\000l\000a\000\040\000P\0001\0000\0000}{}% 52
\BOOKMARK [1][-]{section.25.1}{\376\377\000A\000l\000i\000e\000x\000p\000r\000e\000s\000s}{chapter.25}% 53
\BOOKMARK [1][-]{section.25.2}{\376\377\000C\000u\000t\000t\000i\000n\000g\000\040\000t\000h\000e\000\040\000R\000i\000s\000e\000r}{chapter.25}% 54
\BOOKMARK [1][-]{section.25.3}{\376\377\000C\000o\000n\000f\000i\000g\000u\000r\000e\000\040\000t\000h\000e\000\040\000B\000I\000O\000S}{chapter.25}% 55
\BOOKMARK [1][-]{section.25.4}{\376\377\000c\000o\000n\000f\000i\000g\000u\000r\000e\000\040\000p\000r\000o\000x\000m\000o\000x\000\040\000h\000o\000s\000t}{chapter.25}% 56
\BOOKMARK [1][-]{section.25.5}{\376\377\000t\000h\000e\000\040\000i\000d\000e\000a}{chapter.25}% 57
\BOOKMARK [1][-]{section.25.6}{\376\377\000D\000o\000w\000n\000l\000o\000a\000d\000\040\000N\000V\000I\000D\000I\000A\000\040\000d\000r\000i\000v\000e\000r\000s}{chapter.25}% 58
\BOOKMARK [1][-]{section.25.7}{\376\377\000a\000d\000a\000p\000t\000\040\000l\000x\000c\000.\000c\000o\000n\000f}{chapter.25}% 59
\BOOKMARK [1][-]{section.25.8}{\376\377\000c\000o\000p\000y\000\040\000N\000V\000I\000D\000I\000A\000\040\000d\000r\000i\000v\000e\000r\000\040\000t\000o\000\040\000L\000X\000C}{chapter.25}% 60
\BOOKMARK [1][-]{section.25.9}{\376\377\000I\000n\000s\000t\000a\000l\000l\000\040\000t\000h\000e\000\040\000N\000V\000I\000D\000I\000A\000\040\000C\000o\000n\000t\000a\000i\000n\000e\000r\000\040\000T\000o\000o\000l\000k\000i\000t}{chapter.25}% 61
\BOOKMARK [1][-]{section.25.10}{\376\377\000i\000n\000s\000t\000a\000l\000l\000\040\000o\000l\000l\000a\000m\000a\000\040\000d\000o\000c\000k\000e\000r\000\040\000c\000o\000n\000t\000a\000i\000n\000e\000r\000\040\000f\000o\000r\000\040\000G\000P\000U\000\040\000u\000s\000a\000g\000e}{chapter.25}% 62
\BOOKMARK [0][-]{chapter.26}{\376\377\000m\000o\000d\000i\000f\000y\000\040\000f\000a\000n\000\040\000s\000p\000e\000e\000d\000\040\000i\000n\000\040\000p\000r\000o\000l\000i\000a\000n\000t}{}% 63
\BOOKMARK [1][-]{section.26.1}{\376\377\000u\000s\000e\000f\000u\000l\000l\000\040\000U\000R\000L}{chapter.26}% 64
\BOOKMARK [1][-]{section.26.2}{\376\377\000P\000a\000t\000c\000h\000\040\000I\000L\000O}{chapter.26}% 65
\BOOKMARK [1][-]{section.26.3}{\376\377\000s\000e\000t\000\040\000f\000a\000n\000\040\000s\000p\000e\000e\000d}{chapter.26}% 66
\BOOKMARK [0][-]{chapter.27}{\376\377\000L\000a\000p\000t\000o\000p\000\040\000\050\000o\000r\000\040\000P\000C\000\051\000\040\000m\000o\000d\000s}{}% 67
\BOOKMARK [1][-]{section.27.1}{\376\377\000m\000a\000k\000e\000\040\000r\000o\000u\000t\000e\000\040\000p\000e\000r\000m\000a\000n\000e\000n\000t}{chapter.27}% 68
\BOOKMARK [0][-]{chapter.28}{\376\377\000P\000r\000o\000x\000m\000o\000x}{}% 69
\BOOKMARK [1][-]{section.28.1}{\376\377\000s\000e\000t\000t\000i\000n\000g\000\040\000u\000p\000\040\000a\000n\000\040\000e\000x\000t\000r\000a\000\040\000n\000e\000t\000w\000o\000r\000k\000\040\000b\000r\000i\000d\000g\000e\000\040\000v\000m\000b\000r\0001}{chapter.28}% 70
\BOOKMARK [1][-]{section.28.2}{\376\377\000K\000e\000r\000n\000e\000l\000\040\000I\000P\000\040\000r\000o\000u\000t\000i\000n\000g\000\040\000t\000a\000b\000l\000e}{chapter.28}% 71
\BOOKMARK [1][-]{section.28.3}{\376\377\000u\000s\000i\000n\000g\000\040\000t\000h\000e\000\040\000n\000o\000d\000e\000p\000o\000r\000t}{chapter.28}% 72
\BOOKMARK [1][-]{section.28.4}{\376\377\000u\000s\000i\000n\000g\000\040\000t\000h\000e\000\040\000I\000P\000\040\000a\000d\000d\000r\000e\000s\000s}{chapter.28}% 73
\BOOKMARK [1][-]{section.28.5}{\376\377\000m\000o\000d\000i\000f\000y\000\040\000d\000n\000s\000\040\000c\000o\000n\000f\000i\000g\000\040\000o\000n\000\040\000l\000a\000p\000t\000o\000p}{chapter.28}% 74
\BOOKMARK [1][-]{section.28.6}{\376\377\000a\000c\000c\000e\000s\000s\000\040\000h\000t\000t\000p\000:\000/\000/\000n\000g\000i\000n\000x\000.\000e\000x\000a\000m\000p\000l\000e\000.\000c\000o\000m\000/\000\040\000o\000n\000\040\000t\000a\000l\000o\000s\000\040\000w\000i\000t\000h\000i\000n\000\040\0001\0000\000.\0001\0000\000.\0001\0000\000.\000X\000\040\000f\000r\000o\000m\000\040\0001\0009\0002\000.\0001\0006\0008\000.\000X\000.\000X}{chapter.28}% 75
\BOOKMARK [0][-]{chapter.29}{\376\377\000T\000a\000l\000o\000s}{}% 76
\BOOKMARK [1][-]{section.29.1}{\376\377\000n\000e\000w\000\040\000i\000n\000s\000t\000a\000l\000l\000\040\000t\000a\000l\000o\000s}{chapter.29}% 77
\BOOKMARK [1][-]{section.29.2}{\376\377\000a\000d\000d\000i\000n\000g\000\040\000w\000o\000r\000k\000e\000r\000\040\000n\000o\000d\000e\000s}{chapter.29}% 78
\BOOKMARK [1][-]{section.29.3}{\376\377\000l\000a\000b\000e\000l\000\040\000n\000o\000d\000e\000s}{chapter.29}% 79
\BOOKMARK [0][-]{chapter.30}{\376\377\000K\000e\000r\000n\000e\000l\000\040\000I\000P\000\040\000R\000o\000u\000t\000i\000n\000g\000\040\000T\000a\000b\000l\000e}{}% 80
\BOOKMARK [0][-]{chapter.31}{\376\377\000S\000D\000A\000\040\000\050\000s\000o\000f\000t\000w\000a\000r\000e\000\040\000d\000e\000f\000i\000n\000e\000d\000\040\000a\000r\000c\000h\000i\000t\000e\000c\000t\000u\000r\000e\000\051}{}% 81
\BOOKMARK [1][-]{section.31.1}{\376\377\000P\000h\000y\000s\000i\000c\000a\000l\000\040\000I\000n\000f\000r\000a\000s\000t\000r\000u\000c\000t\000u\000r\000e}{chapter.31}% 82
\BOOKMARK [1][-]{section.31.2}{\376\377\000P\000r\000o\000x\000m\000o\000x\000\040\000S\000e\000r\000v\000e\000r\000\040\000S\000p\000e\000c\000i\000f\000i\000c\000a\000t\000i\000o\000n\000s}{chapter.31}% 83
\BOOKMARK [1][-]{section.31.3}{\376\377\000V\000i\000r\000t\000u\000a\000l\000\040\000M\000a\000c\000h\000i\000n\000e\000\040\000C\000o\000n\000f\000i\000g\000u\000r\000a\000t\000i\000o\000n}{chapter.31}% 84
\BOOKMARK [1][-]{section.31.4}{\376\377\000N\000e\000t\000w\000o\000r\000k\000i\000n\000g\000\040\000A\000r\000c\000h\000i\000t\000e\000c\000t\000u\000r\000e}{chapter.31}% 85
\BOOKMARK [2][-]{subsection.31.4.1}{\376\377\000N\000e\000t\000w\000o\000r\000k\000\040\000C\000o\000m\000p\000o\000n\000e\000n\000t\000s}{section.31.4}% 86
\BOOKMARK [1][-]{section.31.5}{\376\377\000C\000o\000n\000t\000r\000o\000l\000\040\000\046\000\040\000A\000u\000t\000o\000m\000a\000t\000i\000o\000n}{chapter.31}% 87
\BOOKMARK [2][-]{subsection.31.5.1}{\376\377\000A\000P\000I\000\040\000M\000a\000n\000a\000g\000e\000m\000e\000n\000t\000\040\000L\000a\000y\000e\000r}{section.31.5}% 88
\BOOKMARK [1][-]{section.31.6}{\376\377\000B\000e\000n\000e\000f\000i\000t\000s\000\040\000o\000f\000\040\000T\000h\000i\000s\000\040\000A\000r\000c\000h\000i\000t\000e\000c\000t\000u\000r\000e}{chapter.31}% 89
\BOOKMARK [0][-]{chapter.32}{\376\377\000I\000n\000d\000i\000c\000e\000s\000\040\000a\000n\000d\000\040\000t\000a\000b\000l\000e\000s}{}% 90
