\BOOKMARK [0][-]{chapter.1}{\376\377\000i\000n\000t\000r\000o}{}% 1
\BOOKMARK [1][-]{section.1.1}{\376\377\000H\000o\000m\000e\000l\000a\000b}{chapter.1}% 2
\BOOKMARK [1][-]{section.1.2}{\376\377\000V\000i\000r\000t\000u\000a\000l\000i\000s\000a\000t\000i\000o\000n}{chapter.1}% 3
\BOOKMARK [1][-]{section.1.3}{\376\377\000C\000o\000n\000t\000a\000i\000n\000e\000r\000i\000s\000a\000t\000i\000o\000n}{chapter.1}% 4
\BOOKMARK [1][-]{section.1.4}{\376\377\000K\000u\000b\000e\000r\000n\000e\000t\000e\000s}{chapter.1}% 5
\BOOKMARK [0][-]{chapter.2}{\376\377\000K\000u\000b\000e\000r\000n\000e\000t\000e\000s\000\040\000A\000r\000c\000h\000i\000t\000e\000c\000t\000u\000r\000e\000\040\000M\000e\000t\000a\000l\000L\000B\000,\000\040\000T\000r\000a\000e\000f\000i\000k}{}% 6
\BOOKMARK [1][-]{section.2.1}{\376\377\000O\000v\000e\000r\000v\000i\000e\000w\000\040\000o\000f\000\040\000S\000e\000t\000u\000p}{chapter.2}% 7
\BOOKMARK [1][-]{section.2.2}{\376\377\0001\000.\000\040\000P\000r\000o\000x\000m\000o\000x\000\040\000a\000n\000d\000\040\000N\000e\000t\000w\000o\000r\000k\000i\000n\000g\000\040\000S\000e\000t\000u\000p}{chapter.2}% 8
\BOOKMARK [1][-]{section.2.3}{\376\377\0002\000.\000\040\000T\000a\000l\000o\000s\000\040\000L\000i\000n\000u\000x\000\040\000K\000u\000b\000e\000r\000n\000e\000t\000e\000s\000\040\000C\000l\000u\000s\000t\000e\000r}{chapter.2}% 9
\BOOKMARK [1][-]{section.2.4}{\376\377\0003\000.\000\040\000K\000u\000b\000e\000r\000n\000e\000t\000e\000s\000\040\000N\000e\000t\000w\000o\000r\000k\000i\000n\000g\000\040\000w\000i\000t\000h\000\040\000M\000e\000t\000a\000l\000L\000B\000\040\000a\000n\000d\000\040\000T\000r\000a\000e\000f\000i\000k}{chapter.2}% 10
\BOOKMARK [1][-]{section.2.5}{\376\377\0004\000.\000\040\000L\000a\000p\000t\000o\000p\000\040\000C\000o\000n\000f\000i\000g\000u\000r\000a\000t\000i\000o\000n}{chapter.2}% 11
\BOOKMARK [1][-]{section.2.6}{\376\377\0005\000.\000\040\000H\000o\000w\000\040\000I\000t\000\040\000A\000l\000l\000\040\000T\000i\000e\000s\000\040\000T\000o\000g\000e\000t\000h\000e\000r}{chapter.2}% 12
\BOOKMARK [0][-]{chapter.3}{\376\377\000T\000a\000l\000o\000s}{}% 13
\BOOKMARK [1][-]{section.3.1}{\376\377\000n\000e\000w\000\040\000i\000n\000s\000t\000a\000l\000l\000\040\000t\000a\000l\000o\000s}{chapter.3}% 14
\BOOKMARK [1][-]{section.3.2}{\376\377\000a\000d\000d\000i\000n\000g\000\040\000w\000o\000r\000k\000e\000r\000\040\000n\000o\000d\000e\000s}{chapter.3}% 15
\BOOKMARK [1][-]{section.3.3}{\376\377\000l\000a\000b\000e\000l\000\040\000n\000o\000d\000e\000s}{chapter.3}% 16
\BOOKMARK [0][-]{chapter.4}{\376\377\000P\000r\000o\000x\000m\000o\000x\000\040\000i\000n\000s\000t\000a\000l\000l\000a\000t\000i\000o\000n\000\040\000n\000o\000t\000e\000s}{}% 17
\BOOKMARK [1][-]{section.4.1}{\376\377\000s\000e\000t\000t\000i\000n\000g\000\040\000u\000p\000\040\000a\000n\000\040\000e\000x\000t\000r\000a\000\040\000n\000e\000t\000w\000o\000r\000k\000\040\000b\000r\000i\000d\000g\000e\000\040\000v\000m\000b\000r\0001}{chapter.4}% 18
\BOOKMARK [1][-]{section.4.2}{\376\377\000K\000e\000r\000n\000e\000l\000\040\000I\000P\000\040\000r\000o\000u\000t\000i\000n\000g\000\040\000t\000a\000b\000l\000e}{chapter.4}% 19
\BOOKMARK [1][-]{section.4.3}{\376\377\000u\000s\000i\000n\000g\000\040\000t\000h\000e\000\040\000n\000o\000d\000e\000p\000o\000r\000t}{chapter.4}% 20
\BOOKMARK [1][-]{section.4.4}{\376\377\000u\000s\000i\000n\000g\000\040\000t\000h\000e\000\040\000I\000P\000\040\000a\000d\000d\000r\000e\000s\000s}{chapter.4}% 21
\BOOKMARK [1][-]{section.4.5}{\376\377\000m\000o\000d\000i\000f\000y\000\040\000d\000n\000s\000\040\000c\000o\000n\000f\000i\000g\000\040\000o\000n\000\040\000l\000a\000p\000t\000o\000p}{chapter.4}% 22
\BOOKMARK [1][-]{section.4.6}{\376\377\000a\000c\000c\000e\000s\000s\000\040\000h\000t\000t\000p\000:\000/\000/\000n\000g\000i\000n\000x\000.\000e\000x\000a\000m\000p\000l\000e\000.\000c\000o\000m\000/\000\040\000o\000n\000\040\000t\000a\000l\000o\000s\000\040\000w\000i\000t\000h\000i\000n\000\040\0001\0000\000.\0001\0000\000.\0001\0000\000.\000X\000\040\000f\000r\000o\000m\000\040\0001\0009\0002\000.\0001\0006\0008\000.\000X\000.\000X}{chapter.4}% 23
\BOOKMARK [0][-]{chapter.5}{\376\377\000K\000e\000r\000n\000e\000l\000\040\000I\000P\000\040\000R\000o\000u\000t\000i\000n\000g\000\040\000T\000a\000b\000l\000e}{}% 24
\BOOKMARK [0][-]{chapter.6}{\376\377\000L\000a\000p\000t\000o\000p\000\040\000\050\000o\000r\000\040\000P\000C\000\051\000\040\000m\000o\000d\000s}{}% 25
\BOOKMARK [1][-]{section.6.1}{\376\377\000m\000a\000k\000e\000\040\000r\000o\000u\000t\000e\000\040\000p\000e\000r\000m\000a\000n\000e\000n\000t}{chapter.6}% 26
\BOOKMARK [0][-]{chapter.7}{\376\377\000S\000D\000A\000\040\000\050\000s\000o\000f\000t\000w\000a\000r\000e\000\040\000d\000e\000f\000i\000n\000e\000d\000\040\000a\000r\000c\000h\000i\000t\000e\000c\000t\000u\000r\000e\000\051}{}% 27
\BOOKMARK [1][-]{section.7.1}{\376\377\000P\000h\000y\000s\000i\000c\000a\000l\000\040\000I\000n\000f\000r\000a\000s\000t\000r\000u\000c\000t\000u\000r\000e}{chapter.7}% 28
\BOOKMARK [1][-]{section.7.2}{\376\377\000P\000r\000o\000x\000m\000o\000x\000\040\000S\000e\000r\000v\000e\000r\000\040\000S\000p\000e\000c\000i\000f\000i\000c\000a\000t\000i\000o\000n\000s}{chapter.7}% 29
\BOOKMARK [1][-]{section.7.3}{\376\377\000V\000i\000r\000t\000u\000a\000l\000\040\000M\000a\000c\000h\000i\000n\000e\000\040\000C\000o\000n\000f\000i\000g\000u\000r\000a\000t\000i\000o\000n}{chapter.7}% 30
\BOOKMARK [1][-]{section.7.4}{\376\377\000N\000e\000t\000w\000o\000r\000k\000i\000n\000g\000\040\000A\000r\000c\000h\000i\000t\000e\000c\000t\000u\000r\000e}{chapter.7}% 31
\BOOKMARK [2][-]{subsection.7.4.1}{\376\377\000N\000e\000t\000w\000o\000r\000k\000\040\000C\000o\000m\000p\000o\000n\000e\000n\000t\000s}{section.7.4}% 32
\BOOKMARK [1][-]{section.7.5}{\376\377\000C\000o\000n\000t\000r\000o\000l\000\040\000\046\000\040\000A\000u\000t\000o\000m\000a\000t\000i\000o\000n}{chapter.7}% 33
\BOOKMARK [2][-]{subsection.7.5.1}{\376\377\000A\000P\000I\000\040\000M\000a\000n\000a\000g\000e\000m\000e\000n\000t\000\040\000L\000a\000y\000e\000r}{section.7.5}% 34
\BOOKMARK [1][-]{section.7.6}{\376\377\000B\000e\000n\000e\000f\000i\000t\000s\000\040\000o\000f\000\040\000T\000h\000i\000s\000\040\000A\000r\000c\000h\000i\000t\000e\000c\000t\000u\000r\000e}{chapter.7}% 35
\BOOKMARK [0][-]{chapter.8}{\376\377\000I\000n\000d\000i\000c\000e\000s\000\040\000a\000n\000d\000\040\000t\000a\000b\000l\000e\000s}{}% 36
